#
# There is insufficient memory for the Java Runtime Environment to continue.
# Native memory allocation (malloc) failed to allocate 1048576 bytes for AllocateHeap
# Possible reasons:
#   The system is out of physical RAM or swap space
#   In 32 bit mode, the process size limit was hit
# Possible solutions:
#   Reduce memory load on the system
#   Increase physical memory or swap space
#   Check if swap backing store is full
#   Use 64 bit Java on a 64 bit OS
#   Decrease Java heap size (-Xmx/-Xms)
#   Decrease number of Java threads
#   Decrease Java thread stack sizes (-Xss)
#   Set larger code cache with -XX:ReservedCodeCacheSize=
# This output file may be truncated or incomplete.
#
#  Out of Memory Error (memory/allocation.inline.hpp:61), pid=2624, tid=0x0000000000002c60
#
# JRE version:  (8.0_76-b03) (build )
# Java VM: OpenJDK 64-Bit Server VM (25.76-b03 mixed mode windows-amd64 compressed oops)
# Failed to write core dump. Minidumps are not enabled by default on client versions of Windows
#

---------------  T H R E A D  ---------------

Current thread (0x0000000003110800):  JavaThread "Unknown thread" [_thread_in_vm, id=11360, stack(0x0000000000e90000,0x0000000000f90000)]

Stack: [0x0000000000e90000,0x0000000000f90000]
[error occurred during error reporting (printing stack bounds), id 0xc0000005]

Native frames: (J=compiled Java code, j=interpreted, Vv=VM code, C=native code)


---------------  P R O C E S S  ---------------

Java Threads: ( => current thread )

Other Threads:

=>0x0000000003110800 (exited) JavaThread "Unknown thread" [_thread_in_vm, id=11360, stack(0x0000000000e90000,0x0000000000f90000)]

VM state:not at safepoint (normal execution)

VM Mutex/Monitor currently owned by a thread: None

Heap:
 PSYoungGen      total 38400K, used 665K [0x00000000eab00000, 0x00000000ed580000, 0x0000000100000000)
  eden space 33280K, 2% used [0x00000000eab00000,0x00000000eaba6670,0x00000000ecb80000)
  from space 5120K, 0% used [0x00000000ed080000,0x00000000ed080000,0x00000000ed580000)
  to   space 5120K, 0% used [0x00000000ecb80000,0x00000000ecb80000,0x00000000ed080000)
 ParOldGen       total 87552K, used 0K [0x00000000c0000000, 0x00000000c5580000, 0x00000000eab00000)
  object space 87552K, 0% used [0x00000000c0000000,0x00000000c0000000,0x00000000c5580000)
 Metaspace       used 771K, capacity 4480K, committed 4480K, reserved 1056768K
  class space    used 73K, capacity 384K, committed 384K, reserved 1048576K

Card table byte_map: [0x0000000012670000,0x0000000012880000] byte_map_base: 0x0000000012070000

Marking Bits: (ParMarkBitMap*) 0x00000000701f9d00
 Begin Bits: [0x0000000012de0000, 0x0000000013de0000)
 End Bits:   [0x0000000013de0000, 0x0000000014de0000)

Polling page: 0x0000000000a40000

CodeCache: size=245760Kb used=328Kb max_used=328Kb free=245431Kb
 bounds [0x00000000032b0000, 0x0000000003520000, 0x00000000122b0000]
 total_blobs=57 nmethods=0 adapters=38
 compilation: enabled

Compilation events (0 events):
No events

GC Heap History (0 events):
No events

Deoptimization events (0 events):
No events

Internal exceptions (0 events):
No events

Events (10 events):
Event: 0.045 loading class java/lang/Short
Event: 0.045 loading class java/lang/Short done
Event: 0.045 loading class java/lang/Integer
Event: 0.045 loading class java/lang/Integer done
Event: 0.045 loading class java/lang/Long
Event: 0.045 loading class java/lang/Long done
Event: 0.046 loading class java/lang/NullPointerException
Event: 0.046 loading class java/lang/NullPointerException done
Event: 0.046 loading class java/lang/ArithmeticException
Event: 0.046 loading class java/lang/ArithmeticException done


Dynamic libraries:
0x00007ff7c5050000 - 0x00007ff7c5081000 	F:\Program Files\Android\Android Studio\jre\bin\java.exe
0x00007fff36080000 - 0x00007fff36251000 	C:\WINDOWS\SYSTEM32\ntdll.dll
0x00007fff34430000 - 0x00007fff344db000 	C:\WINDOWS\System32\KERNEL32.DLL
0x00007fff327b0000 - 0x00007fff329cd000 	C:\WINDOWS\System32\KERNELBASE.dll
0x00007fff33730000 - 0x00007fff337d2000 	C:\WINDOWS\System32\ADVAPI32.dll
0x00007fff34390000 - 0x00007fff3442e000 	C:\WINDOWS\System32\msvcrt.dll
0x00007fff34880000 - 0x00007fff348d9000 	C:\WINDOWS\System32\sechost.dll
0x00007fff34910000 - 0x00007fff34a31000 	C:\WINDOWS\System32\RPCRT4.dll
0x00007fff34710000 - 0x00007fff34875000 	C:\WINDOWS\System32\USER32.dll
0x00007fff33590000 - 0x00007fff335ae000 	C:\WINDOWS\System32\win32u.dll
0x00007fff36040000 - 0x00007fff36074000 	C:\WINDOWS\System32\GDI32.dll
0x00007fff32620000 - 0x00007fff327a2000 	C:\WINDOWS\System32\gdi32full.dll
0x00007fff25ab0000 - 0x00007fff25d29000 	C:\WINDOWS\WinSxS\amd64_microsoft.windows.common-controls_6595b64144ccf1df_6.0.14393.447_none_42191651c6827bb3\COMCTL32.dll
0x00007fff33920000 - 0x00007fff33be8000 	C:\WINDOWS\System32\combase.dll
0x00007fff330b0000 - 0x00007fff331a5000 	C:\WINDOWS\System32\ucrtbase.dll
0x00007fff33350000 - 0x00007fff333ba000 	C:\WINDOWS\System32\bcryptPrimitives.dll
0x00007fff345e0000 - 0x00007fff3460e000 	C:\WINDOWS\System32\IMM32.DLL
0x0000000070c30000 - 0x0000000070d02000 	F:\Program Files\Android\Android Studio\jre\jre\bin\msvcr100.dll
0x000000006fa40000 - 0x0000000070274000 	F:\Program Files\Android\Android Studio\jre\jre\bin\server\jvm.dll
0x00007fff348e0000 - 0x00007fff348e8000 	C:\WINDOWS\System32\PSAPI.DLL
0x00007fff30040000 - 0x00007fff30049000 	C:\WINDOWS\SYSTEM32\WSOCK32.dll
0x00007fff302f0000 - 0x00007fff30313000 	C:\WINDOWS\SYSTEM32\WINMM.dll
0x00007fff34320000 - 0x00007fff3438a000 	C:\WINDOWS\System32\WS2_32.dll
0x00007fff2a410000 - 0x00007fff2a41a000 	C:\WINDOWS\SYSTEM32\VERSION.dll
0x00007fff302c0000 - 0x00007fff302eb000 	C:\WINDOWS\SYSTEM32\WINMMBASE.dll
0x00007fff33250000 - 0x00007fff33292000 	C:\WINDOWS\System32\cfgmgr32.dll
0x00007fff322a0000 - 0x00007fff322af000 	F:\Program Files\Android\Android Studio\jre\jre\bin\verify.dll
0x00007fff29f10000 - 0x00007fff29f39000 	F:\Program Files\Android\Android Studio\jre\jre\bin\java.dll
0x00007fff29a20000 - 0x00007fff29a36000 	F:\Program Files\Android\Android Studio\jre\jre\bin\zip.dll

VM Arguments:
jvm_args: -Djava.awt.headless=true -Xmx1024M -Dfile.encoding=windows-1252 -Duser.country=US -Duser.language=en -Duser.variant 
java_command: com.android.dx.command.Main --dex --num-threads=4 --output C:\Users\TeeJay\Documents\bigdata\camera\cameraview-master\demo\build\intermediates\pre-dexed\debug\com.android.support-support-vector-drawable-25.0.1_47815e7ae947498aa3d92fb8630b37a483f8c47c.jar C:\Users\TeeJay\Documents\bigdata\camera\cameraview-master\demo\build\intermediates\exploded-aar\com.android.support\support-vector-drawable\25.0.1\jars\classes.jar
java_class_path (initial): F:\Android\sdk\build-tools\25.0.1\lib\dx.jar
Launcher Type: SUN_STANDARD

Environment Variables:
PATH=C:\ProgramData\Oracle\Java\javapath;C:\WINDOWS\system32;C:\WINDOWS;C:\WINDOWS\System32\Wbem;C:\WINDOWS\System32\WindowsPowerShell\v1.0\;C:\Program Files (x86)\Skype\Phone\;C:\Program Files\Git\cmd;C:\Program Files\nodejs\;C:\Users\TeeJay\AppData\Local\Microsoft\WindowsApps;C:\Program Files\Heroku\bin;C:\Users\TeeJay\AppData\Roaming\npm
USERNAME=TeeJay
OS=Windows_NT
PROCESSOR_IDENTIFIER=Intel64 Family 6 Model 78 Stepping 3, GenuineIntel



---------------  S Y S T E M  ---------------

OS: Windows 10.0 , 64 bit Build 14393 (10.0.14393.0)

CPU:total 4 (2 cores per cpu, 2 threads per core) family 6 model 78 stepping 3, cmov, cx8, fxsr, mmx, sse, sse2, sse3, ssse3, sse4.1, sse4.2, popcnt, avx, avx2, aes, clmul, erms, rtm, 3dnowpref, lzcnt, ht, tsc, tscinvbit, bmi1, bmi2, adx

Memory: 4k page, physical 8292352k(810056k free), swap 12267520k(5876k free)

vm_info: OpenJDK 64-Bit Server VM (25.76-b03) for windows-amd64 JRE (1.8.0_76-release-b03), built on Jun 29 2016 19:09:20 by "ralucas" with MS VC++ 10.0 (VS2010)

time: Sun Feb 26 17:30:04 2017
elapsed time: 0 seconds (0d 0h 0m 0s)

